<?xml version="1.0" encoding="UTF-8"?>
<!-- Generated by org.testng.reporters.JUnitXMLReporter -->
<testsuite hostname="KARMA" ignored="1" name="Rest API regression Test" tests="8" failures="4" timestamp="25 Aug 2022 17:05:32 GMT" time="23.438" errors="0">
  <testcase name="getAllUsersListApiTest" time="18.419" classname="com.qa.api.gorest.tests.GetUserTest"/>
  <testcase name="createUserApiPostTest" time="13.936" classname="com.qa.api.gorest.tests.CreateUserTest">
    <failure type="java.lang.ClassCastException" message="java.util.ArrayList cannot be cast to java.lang.Integer">
      <![CDATA[java.lang.ClassCastException: java.util.ArrayList cannot be cast to java.lang.Integer
at com.qa.api.gorest.tests.CreateUserTest.createUserApiPostTest(CreateUserTest.java:47)
at java.util.concurrent.ThreadPoolExecutor.runWorker(Unknown Source)
at java.util.concurrent.ThreadPoolExecutor$Worker.run(Unknown Source)
at java.lang.Thread.run(Unknown Source)
... Removed 10 stack frames]]>
    </failure>
  </testcase> <!-- createUserApiPostTest -->
  <testcase name="getAccountBlockStatusTest" time="3.409" classname="com.qa.api.gorest.tests.ImgurTokenGenerationAPITest"/>
  <testcase name="getAccountImagesTest" time="0.32" classname="com.qa.api.gorest.tests.ImgurTokenGenerationAPITest"/>
  <testcase name="createUserApiPostTest" time="1.175" classname="com.qa.api.gorest.tests.CreateUserTest">
    <failure type="java.lang.ClassCastException" message="java.util.ArrayList cannot be cast to java.lang.Integer">
      <![CDATA[java.lang.ClassCastException: java.util.ArrayList cannot be cast to java.lang.Integer
at com.qa.api.gorest.tests.CreateUserTest.createUserApiPostTest(CreateUserTest.java:47)
at java.util.concurrent.ThreadPoolExecutor.runWorker(Unknown Source)
at java.util.concurrent.ThreadPoolExecutor$Worker.run(Unknown Source)
at java.lang.Thread.run(Unknown Source)
... Removed 10 stack frames]]>
    </failure>
  </testcase> <!-- createUserApiPostTest -->
  <testcase name="getUsersListWithParamApiTest" time="1.6" classname="com.qa.api.gorest.tests.GetUserTest"/>
  <testcase name="createUserApiPostTest" time="1.082" classname="com.qa.api.gorest.tests.CreateUserTest">
    <failure type="java.lang.ClassCastException" message="java.util.ArrayList cannot be cast to java.lang.Integer">
      <![CDATA[java.lang.ClassCastException: java.util.ArrayList cannot be cast to java.lang.Integer
at com.qa.api.gorest.tests.CreateUserTest.createUserApiPostTest(CreateUserTest.java:47)
at java.util.concurrent.ThreadPoolExecutor.runWorker(Unknown Source)
at java.util.concurrent.ThreadPoolExecutor$Worker.run(Unknown Source)
at java.lang.Thread.run(Unknown Source)
... Removed 10 stack frames]]>
    </failure>
  </testcase> <!-- createUserApiPostTest -->
  <testcase name="createUserApiPostTest" time="1.159" classname="com.qa.api.gorest.tests.CreateUserTest">
    <failure type="java.lang.ClassCastException" message="java.util.ArrayList cannot be cast to java.lang.Integer">
      <![CDATA[java.lang.ClassCastException: java.util.ArrayList cannot be cast to java.lang.Integer
at com.qa.api.gorest.tests.CreateUserTest.createUserApiPostTest(CreateUserTest.java:47)
at java.util.concurrent.ThreadPoolExecutor.runWorker(Unknown Source)
at java.util.concurrent.ThreadPoolExecutor$Worker.run(Unknown Source)
at java.lang.Thread.run(Unknown Source)
... Removed 10 stack frames]]>
    </failure>
  </testcase> <!-- createUserApiPostTest -->
  <testcase name="uploadImagePostApiTest" time="0.0" classname="com.qa.api.gorest.tests.ImgurTokenGenerationAPITest">
    <ignored/>
  </testcase> <!-- uploadImagePostApiTest -->
</testsuite> <!-- Rest API regression Test -->
