<?xml version="1.0" encoding="UTF-8"?>
<testng-results skipped="0" failed="0" ignored="0" total="1" passed="1">
  <reporter-output>
  </reporter-output>
  <suite name="Default suite" duration-ms="3550" started-at="2022-08-22T22:50:42Z" finished-at="2022-08-22T22:50:46Z">
    <groups>
    </groups>
    <test name="Default test" duration-ms="3550" started-at="2022-08-22T22:50:42Z" finished-at="2022-08-22T22:50:46Z">
      <class name="com.qa.api.gorest.pojo.UserResult">
        <test-method status="PASS" signature="createUserWithFullJson()[pri:0, instance:com.qa.api.gorest.pojo.UserResult@20d28811]" name="createUserWithFullJson" duration-ms="3502" started-at="2022-08-22T22:50:42Z" finished-at="2022-08-22T22:50:46Z">
          <reporter-output>
          </reporter-output>
        </test-method> <!-- createUserWithFullJson -->
      </class> <!-- com.qa.api.gorest.pojo.UserResult -->
    </test> <!-- Default test -->
  </suite> <!-- Default suite -->
</testng-results>
